[11:55:18] alt:V Server 16.0.155 (release)
[11:55:18] Starting Canit Role Play on [::]:7788
[11:55:19] Loading resource chat
[11:55:19] Loaded resource chat
[11:55:19] Loading resource serverside
[11:55:23] [INFO] Соединение с Базой данных установлено.
[11:55:23] Loaded resource serverside
[11:55:23] Loading resource clientside
[11:55:23] Loaded resource clientside
[11:55:23] Required server permissions:
[11:55:23] Optional server permissions:
[11:55:23] Starting HTTP server on [::]:7788
[11:55:23] Main thread started (ThreadId: 6160)
[11:55:23] EntityStreamer thread started (ThreadId: 2620)
[11:55:23] SyncSend thread started (ThreadId: 3584)
[11:55:23] SyncSend thread started (ThreadId: 8040)
[11:55:23] SyncSend thread started (ThreadId: 5852)
[11:55:23] SyncSend thread started (ThreadId: 6828)
[11:55:23] SyncSend thread started (ThreadId: 22592)
[11:55:23] SyncSend thread started (ThreadId: 22456)
[11:55:23] SyncSend thread started (ThreadId: 19516)
[11:55:23] SyncSend thread started (ThreadId: 22452)
[11:55:23] SyncReceive thread started (ThreadId: 6780)
[11:55:23] NetworkWorker #1 thread started (ThreadId: 7264)
[11:55:23] SyncReceive thread started (ThreadId: 9104)
[11:55:23] SyncReceive thread started (ThreadId: 10684)
[11:55:23] SyncReceive thread started (ThreadId: 23744)
[11:55:23] Console thread started (ThreadId: 22680)
[11:55:23][Warning] Server started in debug mode
[11:55:35] Stopping resource chat
[11:55:35] Stopped resource chat
[11:55:35] Stopping resource serverside
